<?xml version="1.0" encoding="UTF-8"?>
<!-- Generated by org.testng.reporters.JUnitReportReporter -->
<testsuite hostname="LAPTOP-93HV2FKM" failures="0" tests="1" name="Automation.RegisterTest" time="8.374" errors="0" timestamp="2024-11-25T19:31:24 IST" skipped="0">
  <testcase classname="Automation.RegisterTest" name="testRegisteration" time="8.374"/>
</testsuite> <!-- Automation.RegisterTest -->
