<?xml version="1.0" encoding="UTF-8"?>
<!-- Generated by org.testng.reporters.JUnitReportReporter -->
<testsuite hostname="LAPTOP-93HV2FKM" failures="0" tests="1" name="Automation.LoginTest" time="2.191" errors="0" timestamp="2024-11-14T15:18:48 IST" skipped="0">
  <testcase classname="Automation.LoginTest" name="testWebApp" time="2.191"/>
</testsuite> <!-- Automation.LoginTest -->
