<?xml version="1.0" encoding="UTF-8"?>
<!-- Generated by org.testng.reporters.JUnitReportReporter -->
<testsuite hostname="LAPTOP-93HV2FKM" failures="0" tests="1" name="testCases.TC_LoginTest" time="10.452" errors="0" timestamp="2024-11-29T20:01:28 IST" skipped="0">
  <testcase classname="testCases.TC_LoginTest" name="testLogin" time="10.452"/>
</testsuite> <!-- testCases.TC_LoginTest -->
